<?xml version="1.0" encoding="UTF-8"?>
<!-- Generated by org.testng.reporters.JUnitReportReporter -->
<testsuite skipped="0" hostname="PC" name="Search.TestSearch" tests="18" failures="0" timestamp="17 авг 2017 08:13:47 GMT" time="37.184" errors="0">
  <testcase name="TestSearchField" time="1.872" classname="Search.TestSearch"/>
  <testcase name="TestSearchField" time="2.760" classname="Search.TestSearch"/>
  <testcase name="TestSearchField" time="3.961" classname="Search.TestSearch"/>
  <testcase name="TestSearchField" time="1.898" classname="Search.TestSearch"/>
  <testcase name="TestSearchField" time="1.829" classname="Search.TestSearch"/>
  <testcase name="TestSearchField" time="1.747" classname="Search.TestSearch"/>
  <testcase name="TestSearchField" time="2.836" classname="Search.TestSearch"/>
  <testcase name="TestSearchField" time="1.223" classname="Search.TestSearch"/>
  <testcase name="TestSearchField" time="3.019" classname="Search.TestSearch"/>
  <testcase name="TestSearchField" time="2.241" classname="Search.TestSearch"/>
  <testcase name="TestSearchField" time="1.852" classname="Search.TestSearch"/>
  <testcase name="TestSearchField" time="1.672" classname="Search.TestSearch"/>
  <testcase name="TestSearchField" time="1.660" classname="Search.TestSearch"/>
  <testcase name="TestSearchField" time="1.310" classname="Search.TestSearch"/>
  <testcase name="TestSearchField" time="2.151" classname="Search.TestSearch"/>
  <testcase name="TestSearchField" time="2.068" classname="Search.TestSearch"/>
  <testcase name="TestSearchField" time="1.567" classname="Search.TestSearch"/>
  <testcase name="TestSearchField" time="1.518" classname="Search.TestSearch"/>
</testsuite> <!-- Search.TestSearch -->
