<?xml version="1.0" encoding="UTF-8"?>
<!-- Generated by org.testng.reporters.JUnitReportReporter -->
<testsuite skipped="0" hostname="PC" name="UserRegistrarion.RegistraionUser" tests="1" failures="0" timestamp="17 авг 2017 11:33:47 GMT" time="1.600" errors="0">
  <testcase name="DoRegistrationPositiv" time="1.600" classname="UserRegistrarion.RegistraionUser"/>
</testsuite> <!-- UserRegistrarion.RegistraionUser -->
